<?xml version="1.0" encoding="UTF-8"?>
<testng-results skipped="0" failed="1" ignored="0" total="2" passed="1">
  <reporter-output>
    <line>
      <![CDATA[enterUserName[[ChromeDriver: chrome on WINDOWS (3e9eb61f31a190bc2bfd64715be43822)] -> name: username]]]>
    </line>
    <line>
      <![CDATA[enterpasswordadmin123]]>
    </line>
    <line>
      <![CDATA[clickLoginButton[[ChromeDriver: chrome on WINDOWS (3e9eb61f31a190bc2bfd64715be43822)] -> xpath: //button[@type='submit'] ]]]>
    </line>
    <line>
      <![CDATA[getErrrorMessage[[ChromeDriver: chrome on WINDOWS (3e9eb61f31a190bc2bfd64715be43822)] -> xpath: //h6[@class='oxd-text oxd-text--h6 oxd-topbar-header-breadcrumb-module']]]]>
    </line>
    <line>
      <![CDATA[clickOnforgotpassword[[ChromeDriver: chrome on WINDOWS (591e3e5b2650e0c7ba1dd2bde10bb69a)] -> xpath: //p[@class='oxd-text oxd-text--p orangehrm-login-forgot-header'] ]]]>
    </line>
    <line>
      <![CDATA[resetpassword[[ChromeDriver: chrome on WINDOWS (591e3e5b2650e0c7ba1dd2bde10bb69a)] -> xpath: //h6[@class='oxd-text oxd-text--h6 orangehrm-forgot-password-title']]]]>
    </line>
    <line>
      <![CDATA[Click to see screenshot]]>
    </line>
    <line>
      <![CDATA[<a target = "_blank" href=C:\IdeaProjects\orangehrm/test-output/html/userShouldNavigateToForgotPasswordPageSuccessfullyTue_Dec_13_01_14_29_GMT_2022.jpg>Screenshot</a>]]>
    </line>
    <line>
      <![CDATA[<br>]]>
    </line>
    <line>
      <![CDATA[<br>]]>
    </line>
    <line>
      <![CDATA[<a target = "_blank" href=C:\IdeaProjects\orangehrm/test-output/html/userShouldNavigateToForgotPasswordPageSuccessfullyTue_Dec_13_01_14_29_GMT_2022.jpg><img src=C:\IdeaProjects\orangehrm/test-output/html/userShouldNavigateToForgotPasswordPageSuccessfullyTue_Dec_13_01_14_29_GMT_2022.jpg height=200 width=200></img></a>]]>
    </line>
  </reporter-output>
  <suite name="testsuite" duration-ms="13957" started-at="2022-12-13T01:14:16 GMT" finished-at="2022-12-13T01:14:30 GMT">
    <groups>
      <group name="regression">
        <method signature="LoginPageTest.userSholdLoginSuccessfullyWithValidCredentials()[pri:0, instance:com.hrmlive.testsuite.LoginPageTest@10dba097]" name="userSholdLoginSuccessfullyWithValidCredentials" class="com.hrmlive.testsuite.LoginPageTest"/>
        <method signature="LoginPageTest.userShouldNavigateToForgotPasswordPageSuccessfully()[pri:0, instance:com.hrmlive.testsuite.LoginPageTest@10dba097]" name="userShouldNavigateToForgotPasswordPageSuccessfully" class="com.hrmlive.testsuite.LoginPageTest"/>
      </group> <!-- regression -->
      <group name="smoke">
        <method signature="LoginPageTest.userShouldNavigateToForgotPasswordPageSuccessfully()[pri:0, instance:com.hrmlive.testsuite.LoginPageTest@10dba097]" name="userShouldNavigateToForgotPasswordPageSuccessfully" class="com.hrmlive.testsuite.LoginPageTest"/>
      </group> <!-- smoke -->
      <group name="sanity">
        <method signature="LoginPageTest.userSholdLoginSuccessfullyWithValidCredentials()[pri:0, instance:com.hrmlive.testsuite.LoginPageTest@10dba097]" name="userSholdLoginSuccessfullyWithValidCredentials" class="com.hrmlive.testsuite.LoginPageTest"/>
      </group> <!-- sanity -->
    </groups>
    <test name="Login Test" duration-ms="13957" started-at="2022-12-13T01:14:16 GMT" finished-at="2022-12-13T01:14:30 GMT">
      <class name="com.hrmlive.testsuite.LoginPageTest">
        <test-method status="PASS" signature="setUp()[pri:0, instance:com.hrmlive.testsuite.LoginPageTest@10dba097]" name="setUp" is-config="true" duration-ms="5033" started-at="2022-12-13T01:14:17 GMT" finished-at="2022-12-13T01:14:22 GMT">
          <reporter-output>
          </reporter-output>
        </test-method> <!-- setUp -->
        <test-method status="PASS" signature="inIt()[pri:0, instance:com.hrmlive.testsuite.LoginPageTest@10dba097]" name="inIt" is-config="true" duration-ms="99" started-at="2022-12-13T01:14:22 GMT" finished-at="2022-12-13T01:14:22 GMT">
          <reporter-output>
          </reporter-output>
        </test-method> <!-- inIt -->
        <test-method status="PASS" signature="userSholdLoginSuccessfullyWithValidCredentials()[pri:0, instance:com.hrmlive.testsuite.LoginPageTest@10dba097]" name="userSholdLoginSuccessfullyWithValidCredentials" duration-ms="1765" started-at="2022-12-13T01:14:22 GMT" finished-at="2022-12-13T01:14:23 GMT">
          <reporter-output>
            <line>
              <![CDATA[enterUserName[[ChromeDriver: chrome on WINDOWS (3e9eb61f31a190bc2bfd64715be43822)] -> name: username]]]>
            </line>
            <line>
              <![CDATA[enterpasswordadmin123]]>
            </line>
            <line>
              <![CDATA[clickLoginButton[[ChromeDriver: chrome on WINDOWS (3e9eb61f31a190bc2bfd64715be43822)] -> xpath: //button[@type='submit'] ]]]>
            </line>
            <line>
              <![CDATA[getErrrorMessage[[ChromeDriver: chrome on WINDOWS (3e9eb61f31a190bc2bfd64715be43822)] -> xpath: //h6[@class='oxd-text oxd-text--h6 oxd-topbar-header-breadcrumb-module']]]]>
            </line>
          </reporter-output>
        </test-method> <!-- userSholdLoginSuccessfullyWithValidCredentials -->
        <test-method status="PASS" signature="tearDown()[pri:0, instance:com.hrmlive.testsuite.LoginPageTest@10dba097]" name="tearDown" is-config="true" duration-ms="893" started-at="2022-12-13T01:14:24 GMT" finished-at="2022-12-13T01:14:24 GMT">
          <reporter-output>
          </reporter-output>
        </test-method> <!-- tearDown -->
        <test-method status="PASS" signature="setUp()[pri:0, instance:com.hrmlive.testsuite.LoginPageTest@10dba097]" name="setUp" is-config="true" duration-ms="3247" started-at="2022-12-13T01:14:24 GMT" finished-at="2022-12-13T01:14:28 GMT">
          <reporter-output>
          </reporter-output>
        </test-method> <!-- setUp -->
        <test-method status="PASS" signature="inIt()[pri:0, instance:com.hrmlive.testsuite.LoginPageTest@10dba097]" name="inIt" is-config="true" duration-ms="1" started-at="2022-12-13T01:14:28 GMT" finished-at="2022-12-13T01:14:28 GMT">
          <reporter-output>
          </reporter-output>
        </test-method> <!-- inIt -->
        <test-method status="FAIL" signature="userShouldNavigateToForgotPasswordPageSuccessfully()[pri:0, instance:com.hrmlive.testsuite.LoginPageTest@10dba097]" name="userShouldNavigateToForgotPasswordPageSuccessfully" duration-ms="1128" started-at="2022-12-13T01:14:28 GMT" finished-at="2022-12-13T01:14:29 GMT">
          <exception class="java.lang.AssertionError">
            <message>
              <![CDATA[expected [2] but found [1]]]>
            </message>
            <full-stacktrace>
              <![CDATA[java.lang.AssertionError: expected [2] but found [1]
at org.testng.Assert.fail(Assert.java:110)
at org.testng.Assert.failNotEquals(Assert.java:1413)
at org.testng.Assert.assertEqualsImpl(Assert.java:149)
at org.testng.Assert.assertEquals(Assert.java:131)
at org.testng.Assert.assertEquals(Assert.java:1240)
at org.testng.Assert.assertEquals(Assert.java:1274)
at com.hrmlive.testsuite.LoginPageTest.userShouldNavigateToForgotPasswordPageSuccessfully(LoginPageTest.java:36)
at sun.reflect.NativeMethodAccessorImpl.invoke0(Native Method)
at sun.reflect.NativeMethodAccessorImpl.invoke(NativeMethodAccessorImpl.java:62)
at sun.reflect.DelegatingMethodAccessorImpl.invoke(DelegatingMethodAccessorImpl.java:43)
at java.lang.reflect.Method.invoke(Method.java:498)
at org.testng.internal.invokers.MethodInvocationHelper.invokeMethod(MethodInvocationHelper.java:135)
at org.testng.internal.invokers.TestInvoker.invokeMethod(TestInvoker.java:673)
at org.testng.internal.invokers.TestInvoker.invokeTestMethod(TestInvoker.java:220)
at org.testng.internal.invokers.MethodRunner.runInSequence(MethodRunner.java:50)
at org.testng.internal.invokers.TestInvoker$MethodInvocationAgent.invoke(TestInvoker.java:945)
at org.testng.internal.invokers.TestInvoker.invokeTestMethods(TestInvoker.java:193)
at org.testng.internal.invokers.TestMethodWorker.invokeTestMethods(TestMethodWorker.java:146)
at org.testng.internal.invokers.TestMethodWorker.run(TestMethodWorker.java:128)
at java.util.ArrayList.forEach(ArrayList.java:1249)
at org.testng.TestRunner.privateRun(TestRunner.java:808)
at org.testng.TestRunner.run(TestRunner.java:603)
at org.testng.SuiteRunner.runTest(SuiteRunner.java:429)
at org.testng.SuiteRunner.runSequentially(SuiteRunner.java:423)
at org.testng.SuiteRunner.privateRun(SuiteRunner.java:383)
at org.testng.SuiteRunner.run(SuiteRunner.java:326)
at org.testng.SuiteRunnerWorker.runSuite(SuiteRunnerWorker.java:52)
at org.testng.SuiteRunnerWorker.run(SuiteRunnerWorker.java:95)
at org.testng.TestNG.runSuitesSequentially(TestNG.java:1249)
at org.testng.TestNG.runSuitesLocally(TestNG.java:1169)
at org.testng.TestNG.runSuites(TestNG.java:1092)
at org.testng.TestNG.run(TestNG.java:1060)
at com.intellij.rt.testng.IDEARemoteTestNG.run(IDEARemoteTestNG.java:66)
at com.intellij.rt.testng.RemoteTestNGStarter.main(RemoteTestNGStarter.java:109)
]]>
            </full-stacktrace>
          </exception> <!-- java.lang.AssertionError -->
          <reporter-output>
            <line>
              <![CDATA[clickOnforgotpassword[[ChromeDriver: chrome on WINDOWS (591e3e5b2650e0c7ba1dd2bde10bb69a)] -> xpath: //p[@class='oxd-text oxd-text--p orangehrm-login-forgot-header'] ]]]>
            </line>
            <line>
              <![CDATA[resetpassword[[ChromeDriver: chrome on WINDOWS (591e3e5b2650e0c7ba1dd2bde10bb69a)] -> xpath: //h6[@class='oxd-text oxd-text--h6 orangehrm-forgot-password-title']]]]>
            </line>
            <line>
              <![CDATA[Click to see screenshot]]>
            </line>
            <line>
              <![CDATA[<a target = "_blank" href=C:\IdeaProjects\orangehrm/test-output/html/userShouldNavigateToForgotPasswordPageSuccessfullyTue_Dec_13_01_14_29_GMT_2022.jpg>Screenshot</a>]]>
            </line>
            <line>
              <![CDATA[<br>]]>
            </line>
            <line>
              <![CDATA[<br>]]>
            </line>
            <line>
              <![CDATA[<a target = "_blank" href=C:\IdeaProjects\orangehrm/test-output/html/userShouldNavigateToForgotPasswordPageSuccessfullyTue_Dec_13_01_14_29_GMT_2022.jpg><img src=C:\IdeaProjects\orangehrm/test-output/html/userShouldNavigateToForgotPasswordPageSuccessfullyTue_Dec_13_01_14_29_GMT_2022.jpg height=200 width=200></img></a>]]>
            </line>
          </reporter-output>
        </test-method> <!-- userShouldNavigateToForgotPasswordPageSuccessfully -->
        <test-method status="PASS" signature="tearDown()[pri:0, instance:com.hrmlive.testsuite.LoginPageTest@10dba097]" name="tearDown" is-config="true" duration-ms="1043" started-at="2022-12-13T01:14:29 GMT" finished-at="2022-12-13T01:14:30 GMT">
          <reporter-output>
          </reporter-output>
        </test-method> <!-- tearDown -->
      </class> <!-- com.hrmlive.testsuite.LoginPageTest -->
    </test> <!-- Login Test -->
  </suite> <!-- testsuite -->
</testng-results>
