<?xml version="1.0" encoding="UTF-8"?>
<!-- Generated by org.testng.reporters.JUnitReportReporter -->
<testsuite skipped="0" hostname="jentibhai" name="com.hrmlive.testsuite.LoginPageTest" tests="2" failures="1" timestamp="2022-12-13T01:14:32 GMT" time="13.209" errors="0">
  <testcase name="userSholdLoginSuccessfullyWithValidCredentials" time="7.790" classname="com.hrmlive.testsuite.LoginPageTest"/>
  <system-out>
    <![CDATA[enterUserName[[ChromeDriver: chrome on WINDOWS (3e9eb61f31a190bc2bfd64715be43822)] -> name: username]
enterpasswordadmin123
clickLoginButton[[ChromeDriver: chrome on WINDOWS (3e9eb61f31a190bc2bfd64715be43822)] -> xpath: //button[@type='submit'] ]
getErrrorMessage[[ChromeDriver: chrome on WINDOWS (3e9eb61f31a190bc2bfd64715be43822)] -> xpath: //h6[@class='oxd-text oxd-text--h6 oxd-topbar-header-breadcrumb-module']]]]>
  </system-out>
  <testcase name="userShouldNavigateToForgotPasswordPageSuccessfully" time="5.419" classname="com.hrmlive.testsuite.LoginPageTest">
    <failure type="java.lang.AssertionError" message="expected [2] but found [1]">
      <![CDATA[java.lang.AssertionError: expected [2] but found [1]
at org.testng.Assert.fail(Assert.java:110)
at org.testng.Assert.failNotEquals(Assert.java:1413)
at org.testng.Assert.assertEqualsImpl(Assert.java:149)
at org.testng.Assert.assertEquals(Assert.java:131)
at org.testng.Assert.assertEquals(Assert.java:1240)
at org.testng.Assert.assertEquals(Assert.java:1274)
at com.hrmlive.testsuite.LoginPageTest.userShouldNavigateToForgotPasswordPageSuccessfully(LoginPageTest.java:36)
at sun.reflect.NativeMethodAccessorImpl.invoke0(Native Method)
at sun.reflect.NativeMethodAccessorImpl.invoke(NativeMethodAccessorImpl.java:62)
at sun.reflect.DelegatingMethodAccessorImpl.invoke(DelegatingMethodAccessorImpl.java:43)
at java.lang.reflect.Method.invoke(Method.java:498)
at org.testng.internal.invokers.MethodInvocationHelper.invokeMethod(MethodInvocationHelper.java:135)
at org.testng.internal.invokers.TestInvoker.invokeMethod(TestInvoker.java:673)
at org.testng.internal.invokers.TestInvoker.invokeTestMethod(TestInvoker.java:220)
at org.testng.internal.invokers.MethodRunner.runInSequence(MethodRunner.java:50)
at org.testng.internal.invokers.TestInvoker$MethodInvocationAgent.invoke(TestInvoker.java:945)
at org.testng.internal.invokers.TestInvoker.invokeTestMethods(TestInvoker.java:193)
at org.testng.internal.invokers.TestMethodWorker.invokeTestMethods(TestMethodWorker.java:146)
at org.testng.internal.invokers.TestMethodWorker.run(TestMethodWorker.java:128)
at java.util.ArrayList.forEach(ArrayList.java:1249)
at org.testng.TestRunner.privateRun(TestRunner.java:808)
at org.testng.TestRunner.run(TestRunner.java:603)
at org.testng.SuiteRunner.runTest(SuiteRunner.java:429)
at org.testng.SuiteRunner.runSequentially(SuiteRunner.java:423)
at org.testng.SuiteRunner.privateRun(SuiteRunner.java:383)
at org.testng.SuiteRunner.run(SuiteRunner.java:326)
at org.testng.SuiteRunnerWorker.runSuite(SuiteRunnerWorker.java:52)
at org.testng.SuiteRunnerWorker.run(SuiteRunnerWorker.java:95)
at org.testng.TestNG.runSuitesSequentially(TestNG.java:1249)
at org.testng.TestNG.runSuitesLocally(TestNG.java:1169)
at org.testng.TestNG.runSuites(TestNG.java:1092)
at org.testng.TestNG.run(TestNG.java:1060)
at com.intellij.rt.testng.IDEARemoteTestNG.run(IDEARemoteTestNG.java:66)
at com.intellij.rt.testng.RemoteTestNGStarter.main(RemoteTestNGStarter.java:109)
]]>
    </failure>
  </testcase> <!-- userShouldNavigateToForgotPasswordPageSuccessfully -->
  <system-out>
    <![CDATA[clickOnforgotpassword[[ChromeDriver: chrome on WINDOWS (591e3e5b2650e0c7ba1dd2bde10bb69a)] -> xpath: //p[@class='oxd-text oxd-text--p orangehrm-login-forgot-header'] ]
resetpassword[[ChromeDriver: chrome on WINDOWS (591e3e5b2650e0c7ba1dd2bde10bb69a)] -> xpath: //h6[@class='oxd-text oxd-text--h6 orangehrm-forgot-password-title']]
Click to see screenshot
<a target = "_blank" href=C:\IdeaProjects\orangehrm/test-output/html/userShouldNavigateToForgotPasswordPageSuccessfullyTue_Dec_13_01_14_29_GMT_2022.jpg>Screenshot</a>
<br>
<br>
<a target = "_blank" href=C:\IdeaProjects\orangehrm/test-output/html/userShouldNavigateToForgotPasswordPageSuccessfullyTue_Dec_13_01_14_29_GMT_2022.jpg><img src=C:\IdeaProjects\orangehrm/test-output/html/userShouldNavigateToForgotPasswordPageSuccessfullyTue_Dec_13_01_14_29_GMT_2022.jpg height=200 width=200></img></a>]]>
  </system-out>
</testsuite> <!-- com.hrmlive.testsuite.LoginPageTest -->
