<html>
<head>
<title>TestNG:  Login Test</title>
<link href="../testng.css" rel="stylesheet" type="text/css" />
<link href="../my-testng.css" rel="stylesheet" type="text/css" />

<style type="text/css">
.log { display: none;} 
.stack-trace { display: none;} 
</style>
<script type="text/javascript">
<!--
function flip(e) {
  current = e.style.display;
  if (current == 'block') {
    e.style.display = 'none';
    return 0;
  }
  else {
    e.style.display = 'block';
    return 1;
  }
}

function toggleBox(szDivId, elem, msg1, msg2)
{
  var res = -1;  if (document.getElementById) {
    res = flip(document.getElementById(szDivId));
  }
  else if (document.all) {
    // this is the way old msie versions work
    res = flip(document.all[szDivId]);
  }
  if(elem) {
    if(res == 0) elem.innerHTML = msg1; else elem.innerHTML = msg2;
  }

}

function toggleAllBoxes() {
  if (document.getElementsByTagName) {
    d = document.getElementsByTagName('div');
    for (i = 0; i < d.length; i++) {
      if (d[i].className == 'log') {
        flip(d[i]);
      }
    }
  }
}

// -->
</script>

</head>
<body>
<h2 align='center'>Login Test</h2><table border='1' align="center">
<tr>
<td>Tests passed/Failed/Skipped:</td><td>1/1/0</td>
</tr><tr>
<td>Started on:</td><td>Tue Dec 13 01:14:16 GMT 2022</td>
</tr>
<tr><td>Total time:</td><td>13 seconds (13957 ms)</td>
</tr><tr>
<td>Included groups:</td><td></td>
</tr><tr>
<td>Excluded groups:</td><td></td>
</tr>
</table><p/>
<small><i>(Hover the method name to see the test class name)</i></small><p/>
<table width='100%' border='1' class='invocation-failed'>
<tr><td colspan='4' align='center'><b>FAILED TESTS</b></td></tr>
<tr><td><b>Test method</b></td>
<td width="30%"><b>Exception</b></td>
<td width="10%"><b>Time (seconds)</b></td>
<td><b>Instance</b></td>
</tr>
<tr>
<td title='com.hrmlive.testsuite.LoginPageTest.userShouldNavigateToForgotPasswordPageSuccessfully()'><b>userShouldNavigateToForgotPasswordPageSuccessfully</b><br>Test class: com.hrmlive.testsuite.LoginPageTest<br/>
<a href="#Output-1719547057" onClick='toggleBox("Output-1719547057", this, "Show output", "Hide output");'>Show output</a>

<a href="#Output-1719547057" onClick="toggleAllBoxes();">Show all outputs</a>
<div class='log' id="Output-1719547057">
clickOnforgotpassword[[ChromeDriver: chrome on WINDOWS (591e3e5b2650e0c7ba1dd2bde10bb69a)] -> xpath: //p[@class='oxd-text oxd-text--p orangehrm-login-forgot-header'] ]<br/>
resetpassword[[ChromeDriver: chrome on WINDOWS (591e3e5b2650e0c7ba1dd2bde10bb69a)] -> xpath: //h6[@class='oxd-text oxd-text--h6 orangehrm-forgot-password-title']]<br/>
Click to see screenshot<br/>
<a target = "_blank" href=C:\IdeaProjects\orangehrm/test-output/html/userShouldNavigateToForgotPasswordPageSuccessfullyTue_Dec_13_01_14_29_GMT_2022.jpg>Screenshot</a><br/>
<br><br/>
<br><br/>
<a target = "_blank" href=C:\IdeaProjects\orangehrm/test-output/html/userShouldNavigateToForgotPasswordPageSuccessfullyTue_Dec_13_01_14_29_GMT_2022.jpg><img src=C:\IdeaProjects\orangehrm/test-output/html/userShouldNavigateToForgotPasswordPageSuccessfullyTue_Dec_13_01_14_29_GMT_2022.jpg height=200 width=200></img></a><br/>
</div>
</td>
<td><div><pre>java.lang.AssertionError: expected [2] but found [1]
	at com.hrmlive.testsuite.LoginPageTest.userShouldNavigateToForgotPasswordPageSuccessfully(LoginPageTest.java:36)
	at java.util.ArrayList.forEach(ArrayList.java:1249)
	at com.intellij.rt.testng.IDEARemoteTestNG.run(IDEARemoteTestNG.java:66)
	at com.intellij.rt.testng.RemoteTestNGStarter.main(RemoteTestNGStarter.java:109)
... Removed 30 stack frames</pre></div><a href='#' onClick='toggleBox("stack-trace1719547057", this, "Click to show all stack frames", "Click to hide stack frames")'>Click to show all stack frames</a>
<div class='stack-trace' id='stack-trace1719547057'><pre>java.lang.AssertionError: expected [2] but found [1]
	at org.testng.Assert.fail(Assert.java:110)
	at org.testng.Assert.failNotEquals(Assert.java:1413)
	at org.testng.Assert.assertEqualsImpl(Assert.java:149)
	at org.testng.Assert.assertEquals(Assert.java:131)
	at org.testng.Assert.assertEquals(Assert.java:1240)
	at org.testng.Assert.assertEquals(Assert.java:1274)
	at com.hrmlive.testsuite.LoginPageTest.userShouldNavigateToForgotPasswordPageSuccessfully(LoginPageTest.java:36)
	at sun.reflect.NativeMethodAccessorImpl.invoke0(Native Method)
	at sun.reflect.NativeMethodAccessorImpl.invoke(NativeMethodAccessorImpl.java:62)
	at sun.reflect.DelegatingMethodAccessorImpl.invoke(DelegatingMethodAccessorImpl.java:43)
	at java.lang.reflect.Method.invoke(Method.java:498)
	at org.testng.internal.invokers.MethodInvocationHelper.invokeMethod(MethodInvocationHelper.java:135)
	at org.testng.internal.invokers.TestInvoker.invokeMethod(TestInvoker.java:673)
	at org.testng.internal.invokers.TestInvoker.invokeTestMethod(TestInvoker.java:220)
	at org.testng.internal.invokers.MethodRunner.runInSequence(MethodRunner.java:50)
	at org.testng.internal.invokers.TestInvoker$MethodInvocationAgent.invoke(TestInvoker.java:945)
	at org.testng.internal.invokers.TestInvoker.invokeTestMethods(TestInvoker.java:193)
	at org.testng.internal.invokers.TestMethodWorker.invokeTestMethods(TestMethodWorker.java:146)
	at org.testng.internal.invokers.TestMethodWorker.run(TestMethodWorker.java:128)
	at java.util.ArrayList.forEach(ArrayList.java:1249)
	at org.testng.TestRunner.privateRun(TestRunner.java:808)
	at org.testng.TestRunner.run(TestRunner.java:603)
	at org.testng.SuiteRunner.runTest(SuiteRunner.java:429)
	at org.testng.SuiteRunner.runSequentially(SuiteRunner.java:423)
	at org.testng.SuiteRunner.privateRun(SuiteRunner.java:383)
	at org.testng.SuiteRunner.run(SuiteRunner.java:326)
	at org.testng.SuiteRunnerWorker.runSuite(SuiteRunnerWorker.java:52)
	at org.testng.SuiteRunnerWorker.run(SuiteRunnerWorker.java:95)
	at org.testng.TestNG.runSuitesSequentially(TestNG.java:1249)
	at org.testng.TestNG.runSuitesLocally(TestNG.java:1169)
	at org.testng.TestNG.runSuites(TestNG.java:1092)
	at org.testng.TestNG.run(TestNG.java:1060)
	at com.intellij.rt.testng.IDEARemoteTestNG.run(IDEARemoteTestNG.java:66)
	at com.intellij.rt.testng.RemoteTestNGStarter.main(RemoteTestNGStarter.java:109)
</pre></div></td>
<td>1</td>
<td>com.hrmlive.testsuite.LoginPageTest@10dba097</td></tr>
</table><p>
<table width='100%' border='1' class='invocation-passed'>
<tr><td colspan='4' align='center'><b>PASSED TESTS</b></td></tr>
<tr><td><b>Test method</b></td>
<td width="30%"><b>Exception</b></td>
<td width="10%"><b>Time (seconds)</b></td>
<td><b>Instance</b></td>
</tr>
<tr>
<td title='com.hrmlive.testsuite.LoginPageTest.userSholdLoginSuccessfullyWithValidCredentials()'><b>userSholdLoginSuccessfullyWithValidCredentials</b><br>Test class: com.hrmlive.testsuite.LoginPageTest<br/>
<a href="#Output-658281599" onClick='toggleBox("Output-658281599", this, "Show output", "Hide output");'>Show output</a>

<a href="#Output-658281599" onClick="toggleAllBoxes();">Show all outputs</a>
<div class='log' id="Output-658281599">
enterUserName[[ChromeDriver: chrome on WINDOWS (3e9eb61f31a190bc2bfd64715be43822)] -> name: username]<br/>
enterpasswordadmin123<br/>
clickLoginButton[[ChromeDriver: chrome on WINDOWS (3e9eb61f31a190bc2bfd64715be43822)] -> xpath: //button[@type='submit'] ]<br/>
getErrrorMessage[[ChromeDriver: chrome on WINDOWS (3e9eb61f31a190bc2bfd64715be43822)] -> xpath: //h6[@class='oxd-text oxd-text--h6 oxd-topbar-header-breadcrumb-module']]<br/>
</div>
</td>
<td></td>
<td>1</td>
<td>com.hrmlive.testsuite.LoginPageTest@10dba097</td></tr>
</table><p>
</body>
</html>